<?xml version="1.0" encoding="UTF-8"?>
<!-- Generated by org.testng.reporters.JUnitReportReporter -->
<testsuite name="assigment.assignment2.Test1.FlightSearchTest" tests="6" time="143.677" ignored="0" failures="0" timestamp="11 Jan 2018 12:36:17 GMT" skipped="0" hostname="ICPL11485" errors="0">
  <testcase name="navigate" time="55.973" classname="assigment.assignment2.Test1.FlightSearchTest"/>
  <testcase name="validateResult" time="9.216" classname="assigment.assignment2.Test1.FlightSearchTest"/>
  <testcase name="navigate" time="26.718" classname="assigment.assignment2.Test1.FlightSearchTest"/>
  <testcase name="searchForFlights" time="26.016" classname="assigment.assignment2.Test1.FlightSearchTest"/>
  <testcase name="searchForFlights" time="18.608" classname="assigment.assignment2.Test1.FlightSearchTest"/>
  <testcase name="validateResult" time="7.146" classname="assigment.assignment2.Test1.FlightSearchTest"/>
</testsuite> <!-- assigment.assignment2.Test1.FlightSearchTest -->
